<?xml version="1.0" encoding="UTF-8" ?>
<testsuite errors="0" failures="0" hostname="SarasLaptop" name="FileManagerTest" skipped="0" tests="7" time="0.184" timestamp="2022-06-20T12:13:37">
  <properties>
[...]
</properties>
  <testcase classname="FileManagerTest" name="readsLines1" time="0.008" />
  <testcase classname="FileManagerTest" name="readsLines2" time="0.0" />
  <testcase classname="FileManagerTest" name="savesLines1" time="0.0" />
  <testcase classname="FileManagerTest" name="savesLines2" time="0.008" />
  <testcase classname="FileManagerTest" name="savesLine1" time="0.008" />
  <testcase classname="FileManagerTest" name="savesLine2" time="0.008" />
  <testcase classname="FileManagerTest" name="savesLine3" time="0.008" />
  <system-out><![CDATA[]]></system-out>
  <system-err><![CDATA[]]></system-err>
</testsuite>
