<?xml version="1.0" encoding="UTF-8" ?>
<testsuite errors="0" failures="15" hostname="SarasLaptop" name="wormgame.WormGameTest" skipped="0" tests="29" time="0.485" timestamp="2022-07-02T17:56:58">
  <properties>
[...]
</properties>
  <testcase classname="wormgame.WormGameTest" name="updatable" time="0.031" />
  <testcase classname="wormgame.WormGameTest" name="drawingBoardNoticesTheSideLength" time="0.116">
    <failure message="Do you use Graphics-object&apos;s fill3DRect-method for drawing the worm? Worm should be drawn in drawing board&apos;s paintComponent-method.&#xa;executed code&#xa;WormGame mp = new WormGame(20,10);&#xa;DrawingBoard pa = new DrawingBoard(mp, 20);&#xa;pa.paintComonent(g);&#xa;fill3DRect-calls: 1" type="junit.framework.AssertionFailedError">junit.framework.AssertionFailedError: Do you use Graphics-object&apos;s fill3DRect-method for drawing the worm? Worm should be drawn in drawing board&apos;s paintComponent-method.
executed code
WormGame mp = new WormGame(20,10);
DrawingBoard pa = new DrawingBoard(mp, 20);
pa.paintComonent(g);
fill3DRect-calls: 1
	at wormgame.WormGameTest.drawingBoardNoticesTheSideLength(WormGameTest.java:1867)
</failure>
  </testcase>
  <testcase classname="wormgame.WormGameTest" name="keyboardListener" time="0.006" />
  <testcase classname="wormgame.WormGameTest" name="wormDoesCircle" time="0.0" />
  <testcase classname="wormgame.WormGameTest" name="isDrawingBoard" time="0.016">
    <failure message="Do you use Graphics-object&apos;s fill3DRect-method for drawing the worm. There must be one call per each piece of the worm!&#xa;Worm should be drawn in drawing board&apos;s paintComponent-method.&#xa;When executed code&#xa;WormGame mp = new WormGame(20,10);&#xa;mp.actionPerformed(null)&#xa;mp.actionPerformed(null)&#xa;mp.actionPerformed(null)&#xa;DrawingBoard pa = new DrawingBoard(mp, 10);&#xa;pa.paintComonent(g);&#xa;length of the worm is 3 and fill3DRect-calls:  expected:&lt;3&gt; but was:&lt;1&gt;" type="junit.framework.AssertionFailedError">junit.framework.AssertionFailedError: Do you use Graphics-object&apos;s fill3DRect-method for drawing the worm. There must be one call per each piece of the worm!
Worm should be drawn in drawing board&apos;s paintComponent-method.
When executed code
WormGame mp = new WormGame(20,10);
mp.actionPerformed(null)
mp.actionPerformed(null)
mp.actionPerformed(null)
DrawingBoard pa = new DrawingBoard(mp, 10);
pa.paintComonent(g);
length of the worm is 3 and fill3DRect-calls:  expected:&lt;3&gt; but was:&lt;1&gt;
	at wormgame.WormGameTest.isDrawingBoard(WormGameTest.java:1748)
</failure>
  </testcase>
  <testcase classname="wormgame.WormGameTest" name="setInitialDelayAndSetDelayCalls" time="0.0" />
  <testcase classname="wormgame.WormGameTest" name="isWorm" time="0.015">
    <failure message="Worm m = new Worm(4, 6, Direction.UP, v);&#xa;m.runsInto(new Piece(4,0));&#xa; expected:&lt;false&gt; but was:&lt;true&gt;" type="junit.framework.AssertionFailedError">junit.framework.AssertionFailedError: Worm m = new Worm(4, 6, Direction.UP, v);
m.runsInto(new Piece(4,0));
 expected:&lt;false&gt; but was:&lt;true&gt;
	at wormgame.WormGameTest.isWorm(WormGameTest.java:682)
</failure>
  </testcase>
  <testcase classname="wormgame.WormGameTest" name="runningIntoItselfQuits1" time="0.0">
    <failure message="Game should end, meaning method continues() should return false, when worm runs into itself. &#xa;Check that worm cannot run into itself so that it has first moved down and then it moves up where he came from.&#xa;UP&#xa;______&#xa;______&#xa;______&#xa;___h__&#xa;______&#xa;______&#xa;" type="junit.framework.AssertionFailedError">junit.framework.AssertionFailedError: Game should end, meaning method continues() should return false, when worm runs into itself. 
Check that worm cannot run into itself so that it has first moved down and then it moves up where he came from.
UP
______
______
______
___h__
______
______

	at wormgame.WormGameTest.runningIntoItselfQuits1(WormGameTest.java:1368)
</failure>
  </testcase>
  <testcase classname="wormgame.WormGameTest" name="runningIntoItselfQuits2" time="0.0">
    <failure message="Game should end, meaning method continues() should return false, when worm runs into itself. &#xa;LEFT&#xa;__________&#xa;__________&#xa;__________&#xa;__________&#xa;__________&#xa;_____h____&#xa;__________&#xa;__________&#xa;__________&#xa;__________&#xa;" type="junit.framework.AssertionFailedError">junit.framework.AssertionFailedError: Game should end, meaning method continues() should return false, when worm runs into itself. 
LEFT
__________
__________
__________
__________
__________
_____h____
__________
__________
__________
__________

	at wormgame.WormGameTest.runningIntoItselfQuits2(WormGameTest.java:1401)
</failure>
  </testcase>
  <testcase classname="wormgame.WormGameTest" name="isWormGame" time="0.0" />
  <testcase classname="wormgame.WormGameTest" name="actionListenerTest" time="0.0" />
  <testcase classname="wormgame.WormGameTest" name="eatingAppleGrowsWorm" time="0.0">
    <failure message="After three moves, number of worm&apos;s pieces was 1, are you sure that worm is created only in the constructor?" type="junit.framework.AssertionFailedError">junit.framework.AssertionFailedError: After three moves, number of worm&apos;s pieces was 1, are you sure that worm is created only in the constructor?
	at wormgame.WormGameTest.eatingAppleGrowsWorm(WormGameTest.java:1279)
</failure>
  </testcase>
  <testcase classname="wormgame.WormGameTest" name="paintComponentCallsSuperClassMethod" time="0.016">
    <failure message="Method paintComponent should immediately call superclass&apos; version of the method so first line should be super.paintComponent(g);" type="junit.framework.AssertionFailedError">junit.framework.AssertionFailedError: Method paintComponent should immediately call superclass&apos; version of the method so first line should be super.paintComponent(g);
	at wormgame.WormGameTest.paintComponentCallsSuperClassMethod(WormGameTest.java:2006)
</failure>
  </testcase>
  <testcase classname="wormgame.WormGameTest" name="whenAppleIsntRanIntoOrItIsntEatenOrItsLocationDoesntChange" time="0.0">
    <failure message="Do you move worm in the WormGame&apos;s method actionPerformed? Do you also add pieces to worm in the first few move-calls?" type="junit.framework.AssertionFailedError">junit.framework.AssertionFailedError: Do you move worm in the WormGame&apos;s method actionPerformed? Do you also add pieces to worm in the first few move-calls?
	at wormgame.WormGameTest.whenAppleIsntRanIntoOrItIsntEatenOrItsLocationDoesntChange(WormGameTest.java:1112)
</failure>
  </testcase>
  <testcase classname="wormgame.WormGameTest" name="newAppleDoesntSpawnOnWorm" time="0.0" />
  <testcase classname="wormgame.WormGameTest" name="isUserInterface" time="0.085" />
  <testcase classname="wormgame.WormGameTest" name="updateCallsRepaint" time="0.004" />
  <testcase classname="wormgame.WormGameTest" name="isInterfacesAndImplementations" time="0.003" />
  <testcase classname="wormgame.WormGameTest" name="whenAppleIsHitAndEatenAndThenNewAppleIsCreated" time="0.002">
    <failure message="After two moves, number of worm&apos;s pieces was 1 although it should have been 3, are you sure that worm is created only in the constructor?" type="junit.framework.AssertionFailedError">junit.framework.AssertionFailedError: After two moves, number of worm&apos;s pieces was 1 although it should have been 3, are you sure that worm is created only in the constructor?
	at wormgame.WormGameTest.whenAppleIsHitAndEatenAndThenNewAppleIsCreated(WormGameTest.java:1149)
</failure>
  </testcase>
  <testcase classname="wormgame.WormGameTest" name="appleDoesntGoOutsideOrOnTheWorm" time="0.023" />
  <testcase classname="wormgame.WormGameTest" name="hittingBorderQuits1" time="0.002">
    <failure message="Game should end, meaning method continues() should return false, when worm hits the border. &#xa;DOWN&#xa;____&#xa;____&#xa;__h_&#xa;____&#xa;" type="junit.framework.AssertionFailedError">junit.framework.AssertionFailedError: Game should end, meaning method continues() should return false, when worm hits the border. 
DOWN
____
____
__h_
____

	at wormgame.WormGameTest.hittingBorderQuits1(WormGameTest.java:1423)
</failure>
  </testcase>
  <testcase classname="wormgame.WormGameTest" name="hittingBorderQuits2" time="0.001">
    <failure message="Game should end, meaning method continues() should return false, when worm hits the border. &#xa;RIGHT&#xa;____&#xa;____&#xa;__h_&#xa;____&#xa;" type="junit.framework.AssertionFailedError">junit.framework.AssertionFailedError: Game should end, meaning method continues() should return false, when worm hits the border. 
RIGHT
____
____
__h_
____

	at wormgame.WormGameTest.hittingBorderQuits2(WormGameTest.java:1444)
</failure>
  </testcase>
  <testcase classname="wormgame.WormGameTest" name="hittingBorderQuits3" time="0.001">
    <failure message="Game should end, meaning method continues() should return false, when worm hits the border. &#xa;LEFT&#xa;____&#xa;____&#xa;__h_&#xa;____&#xa;" type="junit.framework.AssertionFailedError">junit.framework.AssertionFailedError: Game should end, meaning method continues() should return false, when worm hits the border. 
LEFT
____
____
__h_
____

	at wormgame.WormGameTest.hittingBorderQuits3(WormGameTest.java:1466)
</failure>
  </testcase>
  <testcase classname="wormgame.WormGameTest" name="hittingBorderQuits4" time="0.001">
    <failure message="Game should end, meaning method continues() should return false, when worm hits the border. &#xa;UP&#xa;____&#xa;____&#xa;__h_&#xa;____&#xa;" type="junit.framework.AssertionFailedError">junit.framework.AssertionFailedError: Game should end, meaning method continues() should return false, when worm hits the border. 
UP
____
____
__h_
____

	at wormgame.WormGameTest.hittingBorderQuits4(WormGameTest.java:1488)
</failure>
  </testcase>
  <testcase classname="wormgame.WormGameTest" name="delayChangesWhenGameProgresses" time="0.002">
    <failure message="Does the game&apos;s update rate speed up when worm grows? Game&apos;s update rate was one update per 1000 milliseconds, even though length of the worm was already 3." type="junit.framework.AssertionFailedError">junit.framework.AssertionFailedError: Does the game&apos;s update rate speed up when worm grows? Game&apos;s update rate was one update per 1000 milliseconds, even though length of the worm was already 3.
	at wormgame.WormGameTest.delayChangesWhenGameProgresses(WormGameTest.java:1520)
</failure>
  </testcase>
  <testcase classname="wormgame.WormGameTest" name="actionListener" time="0.001">
    <failure message="Do you move worm in the WormGame&apos;s method actionPerformed? Do you also add pieces to worm in the first few move-calls?" type="junit.framework.AssertionFailedError">junit.framework.AssertionFailedError: Do you move worm in the WormGame&apos;s method actionPerformed? Do you also add pieces to worm in the first few move-calls?
	at wormgame.WormGameTest.actionListener(WormGameTest.java:1068)
</failure>
  </testcase>
  <testcase classname="wormgame.WormGameTest" name="wormAlwaysStartsInTheCenter" time="0.002" />
  <testcase classname="wormgame.WormGameTest" name="isApple" time="0.0" />
  <testcase classname="wormgame.WormGameTest" name="isPiece" time="0.0" />
  <system-out><![CDATA[]]></system-out>
  <system-err><![CDATA[]]></system-err>
</testsuite>
